
ROM used: 1038 (13%)
          1038 (13%) including unused fragments

          3 Average locations per line
          27 Average locations per statement

RAM used: 9 (2%) at main() level
          13 (4%) worst case

Stack used: 2 worst case (out of 8 total available)

Lines Stmts  %   Files
----- ----- ---  -----
   84    39 100  I2C.c
  277     0   0  C:\Program Files\PICC\devices\16F876A.h
----- -----
  361    39 Total

Page ROM  %  RAM   Vol Diff  Functions:
---- --- --- ---   --- ----  ----------
0     20   2   1             @delay_ms1
 Inline        3   696  2.8  @I2C_READ_1
0     74   7   1   809  3.4  @I2C_WRITE_1
0     60   6   3   130  1.9  esc_ext_eeprom
0    160  15   3   197  2.4  le_ext_eeprom
0    326  31   2   767  2.9  MAIN
0     38   4   0   186  5.5  @const72
0     36   3   0   290  4.1  @const73
0     46   4   0   145  2.8  @const74
0     44   4   0   483  3.7  @const75
0     29   3   0             @const76
0     33   3   0             @const77
0     36   3   0             @const78
0     33   3   0             @const79
0     33   3   0             @const80
0     33   3   0             @const81
0     33   3   0             @const82

Program metrics:
    Functions               9
    Statements              39
    Comments                109
    Volume (V)              5681
    Difficilty (D)          28.7
    Effort to implement (E) 163220
    Time to implement (T)   2 hours, 31 minutes
    Est Delivered Bugs (B)  1
    Cyclomatic Complexity   19
    Maintainability (MI)    74

 Segment     Used  Free
-----------  ----  ----
00000-00003     4  0  
00004-007FF  1034  1010  
00800-00FFF     0  2048  
01000-017FF     0  2048  
01800-01FFF     0  2048  



