
ROM used: 93 (1%)
          93 (1%) including unused fragments

          0 Average locations per line
          13 Average locations per statement

RAM used: 15 (4%) at main() level
          15 (4%) worst case

Stack used: 1 worst case (out of 8 total available)

Lines Stmts  %   Files
----- ----- ---  -----
   38     7 100  int_ext.c
  395     0   0  C:\Arquivos de programas\PICC\devices\16F886.h
----- -----
  433     7 Total

Page ROM  %  RAM   Vol Diff  Functions:
---- --- --- ---   --- ----  ----------
0     14  15   0    48  2.1  trata_ext
0     28  30   0    80  2.4  MAIN

Program metrics:
    Functions               2
    Statements              7
    Comments                105
    Volume (V)              160
    Difficilty (D)          4.6
    Effort to implement (E) 736
    Time to implement (T)   1 minutes
    Est Delivered Bugs (B)  0
    Cyclomatic Complexity   1
    Maintainability (MI)    79

 Segment     Used  Free
-----------  ----  ----
00000-00003     4  0  
00004-00032    47  0  
00033-007FF    42  1955  
00800-00FFF     0  2048  
01000-017FF     0  2048  
01800-01FFF     0  2048  



