
ROM used: 325 (4%)
          325 (4%) including unused fragments

          1 Average locations per line
          12 Average locations per statement

RAM used: 36 (10%) at main() level
          42 (11%) worst case

Stack used: 2 worst case (out of 7 total available)

Lines Stmts  %   Files
----- ----- ---  -----
   79    28 100  7_SEG.c
  277     0   0  C:\Program Files\PICC\devices\16F876A.h
----- -----
  356    28 Total

Page ROM  %  RAM   Vol Diff  Functions:
---- --- --- ---   --- ----  ----------
0     22   7   1             @delay_ms1
0     95  29   1   409  5.6  trata_t0
0    120  37   2   330  5.1  MAIN
0     37  11   5             @DIV1616

Program metrics:
    Functions               2
    Statements              28
    Comments                102
    Volume (V)              880
    Difficilty (D)          10.4
    Effort to implement (E) 9160
    Time to implement (T)   8 minutes
    Est Delivered Bugs (B)  0
    Cyclomatic Complexity   5
    Maintainability (MI)    46

 Segment     Used  Free
-----------  ----  ----
00000-00003     4  0  
00004-00032    47  0  
00033-007FF   274  1723  
00800-00FFF     0  2048  
01000-017FF     0  2048  
01800-01FFF     0  2048  



