
ROM used: 1290 (4%)
          1290 (4%) including unused fragments

          2 Average locations per line
          14 Average locations per statement

RAM used: 16 (1%) at main() level
          37 (2%) worst case

Stack used: 5 worst case (out of 31 total available)

Lines Stmts  %   Files
----- ----- ---  -----
   63    22  23  ADC.c
  412     0   0  C:\Program Files\PICC\devices\18F2550.h
  156    72  77  LCD_4B.c
----- -----
  631    94 Total

Page ROM  %  RAM   Vol Diff  Functions:
---- --- --- ---   --- ----  ----------
0     38   1   1             @delay_ms1
0     20   1   0   483  3.7  @const65
0     58   2   1   260  1.9  lcd_envia_nibble
0     56   2   3   176  2.7  lcd_envia_byte
0     92   4   2   433  4.3  lcd_ini
0     36   1   4   186  5.5  lcd_pos_xy
0     72   3   1   290  4.1  lcd_escreve
0    462  18   4   626  4.7  MAIN
0     84   3  14             @MUL3232
0    142   6  13             @DIV3232
0     16   1   0             @const98
0     30   1   3             @PSTRINGCN_81
0    164   6  12             @PRINTF_L32U_81
0     16   1   0             @const103
 Inline        0             @cinit1

Program metrics:
    Functions               7
    Statements              94
    Comments                187
    Volume (V)              3710
    Difficulty (D)          25.8
    Effort to implement (E) 95544
    Time to implement (T)   1 hours, 28 minutes
    Est Delivered Bugs (B)  1
    Cyclomatic Complexity   12
    Maintainability (MI)    145

 Segment     Used  Free
-----------  ----  ----
00000-00002     4  0  
00004-07FFE  1286  31478  



