
ROM used: 87 (1%)
          87 (1%) including unused fragments

          0 Average locations per line
          10 Average locations per statement

RAM used: 15 (4%) at main() level
          15 (4%) worst case

Stack used: 1 worst case (out of 8 total available)

Lines Stmts  %   Files
----- ----- ---  -----
   41     9 100  int_ext.c
  274     0   0  C:\Arquivos de programas\PICC\devices\16F876A.h
----- -----
  315     9 Total

Page ROM  %  RAM   Vol Diff  Functions:
---- --- --- ---   --- ----  ----------
0     11  13   0    48  2.1  trata_ext
0     25  29   0   121  2.6  MAIN

Program metrics:
    Functions               2
    Statements              9
    Comments                92
    Volume (V)              207
    Difficilty (D)          4.9
    Effort to implement (E) 1005
    Time to implement (T)   1 minutes
    Est Delivered Bugs (B)  0
    Cyclomatic Complexity   1
    Maintainability (MI)    78

 Segment     Used  Free
-----------  ----  ----
00000-00003     4  0  
00004-00032    47  0  
00033-007FF    36  1961  
00800-00FFF     0  2048  
01000-017FF     0  2048  
01800-01FFF     0  2048  



