
ROM used: 71 (1%)
          71 (1%) including unused fragments

          0 Average locations per line
          12 Average locations per statement

RAM used: 7 (2%) at main() level
          8 (2%) worst case

Stack used: 1 worst case (out of 8 total available)

Lines Stmts  %   Files
----- ----- ---  -----
   27     6 100  leds.c
  395     0   0  C:\Arquivos de programas\PICC\devices\16F886.h
----- -----
  422     6 Total

Page ROM  %  RAM   Vol Diff  Functions:
---- --- --- ---   --- ----  ----------
0     21  30   1             @delay_ms1
0     46  65   1    86  1.6  main

Program metrics:
    Functions               1
    Statements              6
    Comments                105
    Volume (V)              88
    Difficilty (D)          1.5
    Effort to implement (E) 132
    Time to implement (T)   0 minutes
    Est Delivered Bugs (B)  0
    Cyclomatic Complexity   1
    Maintainability (MI)    110

 Segment     Used  Free
-----------  ----  ----
00000-00003     4  0  
00004-007FF    67  1977  
00800-00FFF     0  2048  
01000-017FF     0  2048  
01800-01FFF     0  2048  



