
ROM used: 1106 (3%)
          1106 (3%) including unused fragments

          2 Average locations per line
          53 Average locations per statement

RAM used: 6 (0%) at main() level
          9 (0%) worst case

Stack used: 1 worst case (out of 31 total available)

Lines Stmts  %   Files
----- ----- ---  -----
   59    21 100  eeprom.c
  412     0   0  C:\Program Files\PICC\devices\18F2550.h
----- -----
  471    21 Total

Page ROM  %  RAM   Vol Diff  Functions:
---- --- --- ---   --- ----  ----------
0     38   2   1             @delay_ms1
0    720  33   2   696  2.8  main
0     34   2   0             @const72
0     34   2   2             @PSTRINGC_19200_31766_31767
0     26   1   0             @const74
0     26   1   0             @const75
0     32   1   0             @const76
0     32   1   3             @PSTRINGCN_19200_31766_31767
0     32   1   0             @const79
0     32   1   0             @const80
0     32   1   0             @const81
0     32   1   0             @const82
0     32   1   0             @const83
 Inline        0             @cinit1

Program metrics:
    Functions               1
    Statements              21
    Comments                144
    Volume (V)              727
    Difficulty (D)          2.3
    Effort to implement (E) 1689
    Time to implement (T)   2 minutes
    Est Delivered Bugs (B)  0
    Cyclomatic Complexity   1
    Maintainability (MI)    74

 Segment     Used  Free
-----------  ----  ----
00000-00002     4  0  
00004-07FFE  1102  31662  



