
ROM used: 235 (3%)
          235 (3%) including unused fragments

          1 Average locations per line
          11 Average locations per statement

RAM used: 19 (5%) at main() level
          19 (5%) worst case

Stack used: 1 worst case (out of 8 total available)

Lines Stmts  %   Files
----- ----- ---  -----
   61    21 100  usart.c
  277     0   0  C:\Program Files\PICC\devices\16F876A.h
----- -----
  338    21 Total

Page ROM  %  RAM   Vol Diff  Functions:
---- --- --- ---   --- ----  ----------
0    149  63   2   907  6.7  main
0     37  16   0   330  5.1  @const63
0     23  10   0             @const64
0     22   9   0             @const65

Program metrics:
    Functions               2
    Statements              21
    Comments                111
    Volume (V)              1423
    Difficilty (D)          11.6
    Effort to implement (E) 16519
    Time to implement (T)   15 minutes
    Est Delivered Bugs (B)  0
    Cyclomatic Complexity   6
    Maintainability (MI)    55

 Segment     Used  Free
-----------  ----  ----
00000-00003     4  0  
00004-007FF   231  1813  
00800-00FFF     0  2048  
01000-017FF     0  2048  
01800-01FFF     0  2048  



