
ROM used: 270 (3%)
          270 (3%) including unused fragments

          1 Average locations per line
          10 Average locations per statement

RAM used: 33 (9%) at main() level
          37 (10%) worst case

Stack used: 2 worst case (out of 8 total available)

Lines Stmts  %   Files
----- ----- ---  -----
   77    26 100  7_SEG.c
  395     0   0  C:\Arquivos de programas\PICC\devices\16F886.h
----- -----
  472    26 Total

Page ROM  %  RAM   Vol Diff  Functions:
---- --- --- ---   --- ----  ----------
0     23   9   1             @delay_ms1
0     81  30   1   357  5.6  trata_t0
0     94  35   1   330  5.1  MAIN
0     21   8   3             @DIV88

Program metrics:
    Functions               2
    Statements              26
    Comments                115
    Volume (V)              820
    Difficilty (D)          10.3
    Effort to implement (E) 8472
    Time to implement (T)   8 minutes
    Est Delivered Bugs (B)  0
    Cyclomatic Complexity   5
    Maintainability (MI)    61

 Segment     Used  Free
-----------  ----  ----
00000-00003     4  0  
00004-00032    47  0  
00033-007FF   219  1778  
00800-00FFF     0  2048  
01000-017FF     0  2048  
01800-01FFF     0  2048  



