
ROM used: 1338 (4%)
          1338 (4%) including unused fragments

          3 Average locations per line
          33 Average locations per statement

RAM used: 5 (0%) at main() level
          10 (0%) worst case

Stack used: 2 worst case (out of 31 total available)

Lines Stmts  %   Files
----- ----- ---  -----
   99    41 100  I2C.c
  412     0   0  C:\Program Files\PICC\devices\18F2550.h
----- -----
  511    41 Total

Page ROM  %  RAM   Vol Diff  Functions:
---- --- --- ---   --- ----  ----------
0     38   1   1             @delay_ms1
0     80   3   3   696  2.8  @I2C_READ_1
0     80   3   1             @I2C_WRITE_1
0     66   2   3   130  1.9  esc_ext_eeprom
0    102   4   3   197  2.4  le_ext_eeprom
0    506  19   1   827  2.9  MAIN
0     34   1   0             @const82
0     34   1   2             @PSTRINGC_19200_31766_31767
0     32   1   0             @const84
0     42   2   0             @const85
0     40   1   0             @const86
0     26   1   0             @const87
0     30   1   0             @const88
0     32   1   3             @PSTRINGCN_19200_31766_31767
0     30   1   0             @const91
0     30   1   0             @const92
0     30   1   0             @const93
0     30   1   0             @const94
0     30   1   0             @const95
0     42   2   0             @const96
 Inline        0             @cinit1

Program metrics:
    Functions               4
    Statements              41
    Comments                168
    Volume (V)              2459
    Difficulty (D)          9.0
    Effort to implement (E) 22193
    Time to implement (T)   21 minutes
    Est Delivered Bugs (B)  0
    Cyclomatic Complexity   3
    Maintainability (MI)    71

 Segment     Used  Free
-----------  ----  ----
00000-00002     4  0  
00004-07FFE  1334  31430  



