
ROM used: 5220 (16%)
          5220 (16%) including unused fragments

          1 Average locations per line
          8 Average locations per statement

RAM used: 1104 (54%) at main() level
          1133 (55%) worst case

Stack used: 11 worst case (out of 24 total available)

Lines Stmts  %   Files
----- ----- ---  -----
  238    89  14  ex_usb_hid.c
  371     0   0  C:\Program Files\PICC\devices\18F2550.h
 1323   321  49  C:\Program Files\PICC\drivers\pic18_usb.h
  828     0   0  C:\Program Files\PICC\drivers\usb.h
  270     0   0  usb_desc_hid_ACEPIC.h
  912   247  38  C:\Program Files\PICC\drivers\usb.c
----- -----
 3942   657 Total

Page ROM  %  RAM   Vol Diff  Functions:
---- --- --- ---   --- ----  ----------
0     42   0   1             @delay_ms1
0     32   0   1             @delay_us1
0     32   0   0             @const142
0     48   0   0             @const146
0     66   1   0             @const148
0     40   0   1   149  2.6  usb_detach
0     34   0   0   138  2.1  usb_attach
0     34   0   1   346  4.6  usb_task
0     14   0   0    61  2.5  usb_init
0    222   2   7  1224  5.9  usb_flush_in
0    180   2  14   584  7.5  usb_put_packet
0    230   2   7   940  5.4  usb_flush_out
0    200   2  13   715  6.4  usb_get_packet_buffer
0     64   1   5   138  3.5  usb_get_packet
0     68   1   4   235  4.5  usb_stall_ep
0     66   1   4   242  4.6  usb_unstall_ep
0     84   1   3   343  5.8  usb_endpoint_stalled
0     22   0   1    88  2.7  usb_set_address
0    402   4  10  1575  8.9  usb_set_configured
0    106   1   0   448  3.7  usb_isr
0      6   0   0    25  1.2  usb_isr_sof
0     44   0   3   142  3.9  usb_disable_endpoints
0     42   0   0   318  4.6  usb_isr_rst
0     30   0   0   343  3.1  usb_init_ep0_setup
0      8   0   0    47  1.5  usb_isr_uerr
0     10   0   0    54  1.5  usb_isr_uidle
0     10   0   0    54  1.5  usb_isr_activity
0     14   0   0   147  3.4  usb_isr_stall
0    202   2   2  1217  7.3  usb_isr_tok_dne
0      6   0   1    25  1.6  usb_request_send_response
0      6   0   0    24  0.9  usb_request_stall
0     48   0   0             @const269
0     18   0   0             @const271
0     18   0   0             @const274
0     58   1   0             @const277
0     18   0   0             @const279
0     34   0   0             @const285
0     60   1   0             @const288
0     36   0   3   222  3.9  usb_token_reset
0     82   1   4   201  4.9  usb_endpoint_is_valid
0     24   0   1   152  3.0  usb_isr_tok_in_dne
0     42   0   1   102  2.9  usb_isr_tok_out_dne
0     42   0   0   310  5.4  usb_isr_tok_setup_dne
0    164   2   0  1131  8.2  usb_isr_tkn_setup_StandardDevice
0    158   2   3   750  7.7  usb_isr_tkn_setup_StandardInterface
0     96   1   0   519  5.2  usb_isr_tkn_setup_StandardEndpoint
0     16   0   0    83  3.2  usb_isr_tkn_setup_ClassInterface
0    238   2   1  1188  8.3  usb_Get_Descriptor
0     14   0   0    76  1.8  usb_finish_set_address
0    150   1   5   656  6.7  usb_copy_desc_seg_to_ep
0     34   0   0             @goto10932
0    170   2   3   494  4.6  usb_debug_task
0     70   1   0             @const325
0     70   1   0             @const326
0     56   1   0             @const327
0     86   1   0             @const328
0    652   6  23  3233 10.1  MAIN
0     76   1   0             @const334
0     36   0   0             @const335
0     32   0   0             @const336
0     60   1   0             @const338
0     44   0   0             @goto11056

Program metrics:
    Functions               40
    Statements              657
    Comments                1837
    Volume (V)              33621
    Difficilty (D)          180.6
    Effort to implement (E) 6071171
    Time to implement (T)   93 hours, 41 minutes
    Est Delivered Bugs (B)  11
    Cyclomatic Complexity   129
    Maintainability (MI)    46

 Segment     Used  Free
-----------  ----  ----
00000-00002     4  0  
00004-00006     0  4  
00008-0009C   150  0  
0009E-07FFE  5066  27544  



